#! /c/Source/iverilog-install/bin/vvp
:ivl_version "12.0 (devel)" "(s20150603-1539-g2693dd32b)";
:ivl_delay_selection "TYPICAL";
:vpi_time_precision + 0;
:vpi_module "C:\iverilog\lib\ivl\system.vpi";
:vpi_module "C:\iverilog\lib\ivl\vhdl_sys.vpi";
:vpi_module "C:\iverilog\lib\ivl\vhdl_textio.vpi";
:vpi_module "C:\iverilog\lib\ivl\v2005_math.vpi";
:vpi_module "C:\iverilog\lib\ivl\va_math.vpi";
S_00000255367c63e0 .scope module, "Led_Peripheral" "Led_Peripheral" 2 4;
 .timescale 0 0;
    .port_info 0 /OUTPUT 16 "led";
    .port_info 1 /INPUT 8 "data_address";
    .port_info 2 /INPUT 8 "write_data";
    .port_info 3 /INPUT 1 "wr_en";
    .port_info 4 /INPUT 1 "clk";
    .port_info 5 /INPUT 1 "rst";
P_00000255367c6aa0 .param/l "led_control" 0 2 19, C4<00000001>;
P_00000255367c6ad8 .param/l "led_data_01" 0 2 20, C4<00000010>;
P_00000255367c6b10 .param/l "led_data_02" 0 2 21, C4<00000011>;
o0000025536818fb8 .functor BUFZ 1, C4<z>; HiZ drive
v00000255367cbc50_0 .net "clk", 0 0, o0000025536818fb8;  0 drivers
v00000255367cbcf0_0 .var "data_add", 7 0;
o0000025536819018 .functor BUFZ 8, C4<zzzzzzzz>; HiZ drive
v00000255367cbd90_0 .net "data_address", 7 0, o0000025536819018;  0 drivers
v00000255367c6570_0 .var "data_reg1", 7 0;
v00000255367c6610_0 .var "data_reg2", 7 0;
v00000255367c66b0_0 .var "led", 15 0;
o00000255368190d8 .functor BUFZ 1, C4<z>; HiZ drive
v000002553685bc20_0 .net "rst", 0 0, o00000255368190d8;  0 drivers
o0000025536819108 .functor BUFZ 1, C4<z>; HiZ drive
v000002553685bcc0_0 .net "wr_en", 0 0, o0000025536819108;  0 drivers
o0000025536819138 .functor BUFZ 8, C4<zzzzzzzz>; HiZ drive
v000002553685bd60_0 .net "write_data", 7 0, o0000025536819138;  0 drivers
v000002553685be90_0 .var "write_data_reg", 7 0;
E_00000255367c9a90 .event posedge, v000002553685bc20_0, v00000255367cbc50_0;
    .scope S_00000255367c63e0;
T_0 ;
    %wait E_00000255367c9a90;
    %load/vec4 v000002553685bc20_0;
    %flag_set/vec4 8;
    %jmp/0xz  T_0.0, 8;
    %pushi/vec4 0, 0, 16;
    %assign/vec4 v00000255367c66b0_0, 0;
    %pushi/vec4 0, 0, 8;
    %assign/vec4 v00000255367c6570_0, 0;
    %pushi/vec4 0, 0, 8;
    %assign/vec4 v00000255367c6610_0, 0;
    %jmp T_0.1;
T_0.0 ;
    %load/vec4 v00000255367cbd90_0;
    %assign/vec4 v00000255367cbcf0_0, 0;
    %load/vec4 v000002553685bd60_0;
    %assign/vec4 v000002553685be90_0, 0;
    %load/vec4 v00000255367cbcf0_0;
    %cmpi/e 1, 0, 8;
    %jmp/0xz  T_0.2, 4;
    %load/vec4 v000002553685be90_0;
    %parti/s 1, 0, 2;
    %pad/u 32;
    %cmpi/e 0, 0, 32;
    %jmp/0xz  T_0.4, 4;
    %pushi/vec4 0, 0, 16;
    %assign/vec4 v00000255367c66b0_0, 0;
    %jmp T_0.5;
T_0.4 ;
    %load/vec4 v00000255367c6570_0;
    %load/vec4 v00000255367c6610_0;
    %concat/vec4; draw_concat_vec4
    %assign/vec4 v00000255367c66b0_0, 0;
T_0.5 ;
    %jmp T_0.3;
T_0.2 ;
    %load/vec4 v00000255367cbcf0_0;
    %cmpi/e 2, 0, 8;
    %jmp/0xz  T_0.6, 4;
    %load/vec4 v000002553685bcc0_0;
    %flag_set/vec4 8;
    %jmp/0xz  T_0.8, 8;
    %load/vec4 v000002553685be90_0;
    %assign/vec4 v00000255367c6570_0, 0;
T_0.8 ;
    %jmp T_0.7;
T_0.6 ;
    %load/vec4 v00000255367cbcf0_0;
    %cmpi/e 3, 0, 8;
    %jmp/0xz  T_0.10, 4;
    %load/vec4 v000002553685bcc0_0;
    %flag_set/vec4 8;
    %jmp/0xz  T_0.12, 8;
    %load/vec4 v000002553685be90_0;
    %assign/vec4 v00000255367c6610_0, 0;
T_0.12 ;
    %jmp T_0.11;
T_0.10 ;
    %pushi/vec4 0, 0, 16;
    %assign/vec4 v00000255367c66b0_0, 0;
T_0.11 ;
T_0.7 ;
T_0.3 ;
T_0.1 ;
    %jmp T_0;
    .thread T_0;
# The file index is used to find the file name in the following table.
:file_names 3;
    "N/A";
    "<interactive>";
    "Led_peripheral.v";
