#! /c/Source/iverilog-install/bin/vvp
:ivl_version "12.0 (devel)" "(s20150603-1539-g2693dd32b)";
:ivl_delay_selection "TYPICAL";
:vpi_time_precision + 0;
:vpi_module "C:\iverilog\lib\ivl\system.vpi";
:vpi_module "C:\iverilog\lib\ivl\vhdl_sys.vpi";
:vpi_module "C:\iverilog\lib\ivl\vhdl_textio.vpi";
:vpi_module "C:\iverilog\lib\ivl\v2005_math.vpi";
:vpi_module "C:\iverilog\lib\ivl\va_math.vpi";
S_00000194ac6986b0 .scope module, "Rom_for_ledPerpheral" "Rom_for_ledPerpheral" 2 3;
 .timescale 0 0;
    .port_info 0 /OUTPUT 1 "wr_en";
    .port_info 1 /OUTPUT 8 "data_address";
    .port_info 2 /OUTPUT 8 "write_data";
    .port_info 3 /OUTPUT 32 "counter";
    .port_info 4 /INPUT 1 "clk";
    .port_info 5 /INPUT 1 "rst";
o00000194ac6b1f78 .functor BUFZ 1, C4<z>; HiZ drive
v00000194ac694560_0 .net "clk", 0 0, o00000194ac6b1f78;  0 drivers
v00000194ac694600_0 .var "counter", 31 0;
v00000194ac706030_0 .var "counter_reg", 2 0;
v00000194ac7060d0_0 .var "data_address", 7 0;
v00000194ac706170_0 .net "led", 15 0, v00000194ac694240_0;  1 drivers
v00000194ac706a80_0 .var "pc", 7 0;
v00000194ac706c60_0 .var "reg1", 7 0;
v00000194ac7066c0_0 .var "reg2", 7 0;
v00000194ac706d00_0 .var "reg3", 7 0;
v00000194ac706bc0_0 .var "reg4", 7 0;
v00000194ac706940 .array "rom", 30 0, 7 0;
o00000194ac6b2098 .functor BUFZ 1, C4<z>; HiZ drive
v00000194ac7068a0_0 .net "rst", 0 0, o00000194ac6b2098;  0 drivers
v00000194ac7064e0_0 .var "state", 2 0;
v00000194ac7069e0_0 .var "wr_en", 0 0;
v00000194ac7063a0_0 .var "wr_ptr", 7 0;
v00000194ac706ee0_0 .var "write_data", 7 0;
S_00000194ac698840 .scope module, "l1" "Led_Peripheral" 2 17, 3 4 0, S_00000194ac6986b0;
 .timescale 0 0;
    .port_info 0 /OUTPUT 16 "led";
    .port_info 1 /INPUT 8 "data_address";
    .port_info 2 /INPUT 8 "write_data";
    .port_info 3 /INPUT 1 "wr_en";
    .port_info 4 /INPUT 1 "clk";
    .port_info 5 /INPUT 1 "rst";
P_00000194ac756b50 .param/l "led_control" 0 3 19, C4<00000001>;
P_00000194ac756b88 .param/l "led_data_01" 0 3 20, C4<00000010>;
P_00000194ac756bc0 .param/l "led_data_02" 0 3 21, C4<00000011>;
v00000194ac756360_0 .net "clk", 0 0, o00000194ac6b1f78;  alias, 0 drivers
v00000194ac693fc0_0 .var "data_add", 7 0;
v00000194ac694060_0 .net "data_address", 7 0, v00000194ac7060d0_0;  1 drivers
v00000194ac694100_0 .var "data_reg1", 7 0;
v00000194ac6941a0_0 .var "data_reg2", 7 0;
v00000194ac694240_0 .var "led", 15 0;
v00000194ac6942e0_0 .net "rst", 0 0, o00000194ac6b2098;  alias, 0 drivers
v00000194ac694380_0 .net "wr_en", 0 0, v00000194ac7069e0_0;  1 drivers
v00000194ac694420_0 .net "write_data", 7 0, v00000194ac706ee0_0;  1 drivers
v00000194ac6944c0_0 .var "write_data_reg", 7 0;
E_00000194ac68d040 .event posedge, v00000194ac6942e0_0, v00000194ac756360_0;
    .scope S_00000194ac698840;
T_0 ;
    %wait E_00000194ac68d040;
    %load/vec4 v00000194ac6942e0_0;
    %flag_set/vec4 8;
    %jmp/0xz  T_0.0, 8;
    %pushi/vec4 0, 0, 16;
    %assign/vec4 v00000194ac694240_0, 0;
    %pushi/vec4 0, 0, 8;
    %assign/vec4 v00000194ac694100_0, 0;
    %pushi/vec4 0, 0, 8;
    %assign/vec4 v00000194ac6941a0_0, 0;
    %jmp T_0.1;
T_0.0 ;
    %load/vec4 v00000194ac694060_0;
    %assign/vec4 v00000194ac693fc0_0, 0;
    %load/vec4 v00000194ac694420_0;
    %assign/vec4 v00000194ac6944c0_0, 0;
    %load/vec4 v00000194ac693fc0_0;
    %cmpi/e 1, 0, 8;
    %jmp/0xz  T_0.2, 4;
    %load/vec4 v00000194ac6944c0_0;
    %parti/s 1, 0, 2;
    %pad/u 32;
    %cmpi/e 0, 0, 32;
    %jmp/0xz  T_0.4, 4;
    %pushi/vec4 0, 0, 16;
    %assign/vec4 v00000194ac694240_0, 0;
    %jmp T_0.5;
T_0.4 ;
    %load/vec4 v00000194ac694100_0;
    %load/vec4 v00000194ac6941a0_0;
    %concat/vec4; draw_concat_vec4
    %assign/vec4 v00000194ac694240_0, 0;
T_0.5 ;
    %jmp T_0.3;
T_0.2 ;
    %load/vec4 v00000194ac693fc0_0;
    %cmpi/e 2, 0, 8;
    %jmp/0xz  T_0.6, 4;
    %load/vec4 v00000194ac694380_0;
    %flag_set/vec4 8;
    %jmp/0xz  T_0.8, 8;
    %load/vec4 v00000194ac6944c0_0;
    %assign/vec4 v00000194ac694100_0, 0;
T_0.8 ;
    %jmp T_0.7;
T_0.6 ;
    %load/vec4 v00000194ac693fc0_0;
    %cmpi/e 3, 0, 8;
    %jmp/0xz  T_0.10, 4;
    %load/vec4 v00000194ac694380_0;
    %flag_set/vec4 8;
    %jmp/0xz  T_0.12, 8;
    %load/vec4 v00000194ac6944c0_0;
    %assign/vec4 v00000194ac6941a0_0, 0;
T_0.12 ;
    %jmp T_0.11;
T_0.10 ;
    %pushi/vec4 0, 0, 16;
    %assign/vec4 v00000194ac694240_0, 0;
T_0.11 ;
T_0.7 ;
T_0.3 ;
T_0.1 ;
    %jmp T_0;
    .thread T_0;
    .scope S_00000194ac6986b0;
T_1 ;
    %pushi/vec4 17, 0, 8;
    %ix/load 4, 0, 0;
    %flag_set/imm 4, 0;
    %store/vec4a v00000194ac706940, 4, 0;
    %pushi/vec4 18, 0, 8;
    %ix/load 4, 1, 0;
    %flag_set/imm 4, 0;
    %store/vec4a v00000194ac706940, 4, 0;
    %pushi/vec4 5, 0, 8;
    %ix/load 4, 2, 0;
    %flag_set/imm 4, 0;
    %store/vec4a v00000194ac706940, 4, 0;
    %pushi/vec4 19, 0, 8;
    %ix/load 4, 3, 0;
    %flag_set/imm 4, 0;
    %store/vec4a v00000194ac706940, 4, 0;
    %pushi/vec4 5, 0, 8;
    %ix/load 4, 4, 0;
    %flag_set/imm 4, 0;
    %store/vec4a v00000194ac706940, 4, 0;
    %pushi/vec4 20, 0, 8;
    %ix/load 4, 5, 0;
    %flag_set/imm 4, 0;
    %store/vec4a v00000194ac706940, 4, 0;
    %pushi/vec4 3, 0, 8;
    %ix/load 4, 6, 0;
    %flag_set/imm 4, 0;
    %store/vec4a v00000194ac706940, 4, 0;
    %pushi/vec4 17, 0, 8;
    %ix/load 4, 7, 0;
    %flag_set/imm 4, 0;
    %store/vec4a v00000194ac706940, 4, 0;
    %pushi/vec4 18, 0, 8;
    %ix/load 4, 8, 0;
    %flag_set/imm 4, 0;
    %store/vec4a v00000194ac706940, 4, 0;
    %pushi/vec4 21, 0, 8;
    %ix/load 4, 9, 0;
    %flag_set/imm 4, 0;
    %store/vec4a v00000194ac706940, 4, 0;
    %pushi/vec4 80, 0, 8;
    %ix/load 4, 10, 0;
    %flag_set/imm 4, 0;
    %store/vec4a v00000194ac706940, 4, 0;
    %pushi/vec4 96, 0, 8;
    %ix/load 4, 11, 0;
    %flag_set/imm 4, 0;
    %store/vec4a v00000194ac706940, 4, 0;
    %pushi/vec4 112, 0, 8;
    %ix/load 4, 12, 0;
    %flag_set/imm 4, 0;
    %store/vec4a v00000194ac706940, 4, 0;
    %pushi/vec4 128, 0, 8;
    %ix/load 4, 13, 0;
    %flag_set/imm 4, 0;
    %store/vec4a v00000194ac706940, 4, 0;
    %pushi/vec4 48, 0, 8;
    %ix/load 4, 14, 0;
    %flag_set/imm 4, 0;
    %store/vec4a v00000194ac706940, 4, 0;
    %pushi/vec4 21, 0, 8;
    %ix/load 4, 15, 0;
    %flag_set/imm 4, 0;
    %store/vec4a v00000194ac706940, 4, 0;
    %pushi/vec4 32, 0, 8;
    %ix/load 4, 16, 0;
    %flag_set/imm 4, 0;
    %store/vec4a v00000194ac706940, 4, 0;
    %pushi/vec4 48, 0, 8;
    %ix/load 4, 17, 0;
    %flag_set/imm 4, 0;
    %store/vec4a v00000194ac706940, 4, 0;
    %pushi/vec4 64, 0, 8;
    %ix/load 4, 18, 0;
    %flag_set/imm 4, 0;
    %store/vec4a v00000194ac706940, 4, 0;
    %pushi/vec4 80, 0, 8;
    %ix/load 4, 19, 0;
    %flag_set/imm 4, 0;
    %store/vec4a v00000194ac706940, 4, 0;
    %pushi/vec4 96, 0, 8;
    %ix/load 4, 20, 0;
    %flag_set/imm 4, 0;
    %store/vec4a v00000194ac706940, 4, 0;
    %end;
    .thread T_1;
    .scope S_00000194ac6986b0;
T_2 ;
    %wait E_00000194ac68d040;
    %load/vec4 v00000194ac7068a0_0;
    %flag_set/vec4 8;
    %jmp/0xz  T_2.0, 8;
    %pushi/vec4 0, 0, 3;
    %assign/vec4 v00000194ac7064e0_0, 0;
    %pushi/vec4 0, 0, 8;
    %assign/vec4 v00000194ac7063a0_0, 0;
    %pushi/vec4 0, 0, 8;
    %assign/vec4 v00000194ac7060d0_0, 0;
    %pushi/vec4 0, 0, 8;
    %assign/vec4 v00000194ac706ee0_0, 0;
    %pushi/vec4 0, 0, 1;
    %assign/vec4 v00000194ac7069e0_0, 0;
    %pushi/vec4 0, 0, 32;
    %assign/vec4 v00000194ac694600_0, 0;
    %pushi/vec4 0, 0, 8;
    %assign/vec4 v00000194ac706c60_0, 0;
    %pushi/vec4 0, 0, 8;
    %assign/vec4 v00000194ac7066c0_0, 0;
    %pushi/vec4 0, 0, 8;
    %assign/vec4 v00000194ac706d00_0, 0;
    %pushi/vec4 0, 0, 8;
    %assign/vec4 v00000194ac706bc0_0, 0;
    %pushi/vec4 0, 0, 3;
    %assign/vec4 v00000194ac706030_0, 0;
    %jmp T_2.1;
T_2.0 ;
    %load/vec4 v00000194ac7064e0_0;
    %dup/vec4;
    %pushi/vec4 0, 0, 3;
    %cmp/u;
    %jmp/1 T_2.2, 6;
    %dup/vec4;
    %pushi/vec4 1, 0, 3;
    %cmp/u;
    %jmp/1 T_2.3, 6;
    %dup/vec4;
    %pushi/vec4 2, 0, 3;
    %cmp/u;
    %jmp/1 T_2.4, 6;
    %dup/vec4;
    %pushi/vec4 3, 0, 3;
    %cmp/u;
    %jmp/1 T_2.5, 6;
    %jmp T_2.6;
T_2.2 ;
    %ix/getv 4, v00000194ac7063a0_0;
    %load/vec4a v00000194ac706940, 4;
    %assign/vec4 v00000194ac706a80_0, 0;
    %pushi/vec4 1, 0, 3;
    %assign/vec4 v00000194ac7064e0_0, 0;
    %jmp T_2.6;
T_2.3 ;
    %load/vec4 v00000194ac706a80_0;
    %dup/vec4;
    %pushi/vec4 17, 0, 8;
    %cmp/u;
    %jmp/1 T_2.7, 6;
    %dup/vec4;
    %pushi/vec4 18, 0, 8;
    %cmp/u;
    %jmp/1 T_2.8, 6;
    %dup/vec4;
    %pushi/vec4 19, 0, 8;
    %cmp/u;
    %jmp/1 T_2.9, 6;
    %dup/vec4;
    %pushi/vec4 20, 0, 8;
    %cmp/u;
    %jmp/1 T_2.10, 6;
    %dup/vec4;
    %pushi/vec4 21, 0, 8;
    %cmp/u;
    %jmp/1 T_2.11, 6;
    %pushi/vec4 0, 0, 3;
    %assign/vec4 v00000194ac7064e0_0, 0;
    %load/vec4 v00000194ac7063a0_0;
    %addi 1, 0, 8;
    %assign/vec4 v00000194ac7063a0_0, 0;
    %jmp T_2.13;
T_2.7 ;
    %pushi/vec4 2, 0, 3;
    %assign/vec4 v00000194ac7064e0_0, 0;
    %load/vec4 v00000194ac7063a0_0;
    %addi 1, 0, 8;
    %assign/vec4 v00000194ac7063a0_0, 0;
    %jmp T_2.13;
T_2.8 ;
    %pushi/vec4 2, 0, 3;
    %assign/vec4 v00000194ac7064e0_0, 0;
    %load/vec4 v00000194ac7063a0_0;
    %addi 1, 0, 8;
    %assign/vec4 v00000194ac7063a0_0, 0;
    %jmp T_2.13;
T_2.9 ;
    %pushi/vec4 2, 0, 3;
    %assign/vec4 v00000194ac7064e0_0, 0;
    %load/vec4 v00000194ac7063a0_0;
    %addi 1, 0, 8;
    %assign/vec4 v00000194ac7063a0_0, 0;
    %jmp T_2.13;
T_2.10 ;
    %pushi/vec4 2, 0, 3;
    %assign/vec4 v00000194ac7064e0_0, 0;
    %load/vec4 v00000194ac7063a0_0;
    %addi 1, 0, 8;
    %assign/vec4 v00000194ac7063a0_0, 0;
    %jmp T_2.13;
T_2.11 ;
    %pushi/vec4 2, 0, 3;
    %assign/vec4 v00000194ac7064e0_0, 0;
    %jmp T_2.13;
T_2.13 ;
    %pop/vec4 1;
    %jmp T_2.6;
T_2.4 ;
    %load/vec4 v00000194ac706a80_0;
    %dup/vec4;
    %pushi/vec4 17, 0, 8;
    %cmp/u;
    %jmp/1 T_2.14, 6;
    %dup/vec4;
    %pushi/vec4 18, 0, 8;
    %cmp/u;
    %jmp/1 T_2.15, 6;
    %dup/vec4;
    %pushi/vec4 19, 0, 8;
    %cmp/u;
    %jmp/1 T_2.16, 6;
    %dup/vec4;
    %pushi/vec4 20, 0, 8;
    %cmp/u;
    %jmp/1 T_2.17, 6;
    %dup/vec4;
    %pushi/vec4 21, 0, 8;
    %cmp/u;
    %jmp/1 T_2.18, 6;
    %jmp T_2.19;
T_2.14 ;
    %pushi/vec4 0, 0, 3;
    %assign/vec4 v00000194ac7064e0_0, 0;
    %jmp T_2.19;
T_2.15 ;
    %pushi/vec4 1, 0, 8;
    %assign/vec4 v00000194ac7060d0_0, 0;
    %ix/getv 4, v00000194ac7063a0_0;
    %load/vec4a v00000194ac706940, 4;
    %assign/vec4 v00000194ac706a80_0, 0;
    %pushi/vec4 3, 0, 3;
    %assign/vec4 v00000194ac7064e0_0, 0;
    %jmp T_2.19;
T_2.16 ;
    %pushi/vec4 2, 0, 8;
    %assign/vec4 v00000194ac7060d0_0, 0;
    %ix/getv 4, v00000194ac7063a0_0;
    %load/vec4a v00000194ac706940, 4;
    %assign/vec4 v00000194ac706a80_0, 0;
    %pushi/vec4 3, 0, 3;
    %assign/vec4 v00000194ac7064e0_0, 0;
    %jmp T_2.19;
T_2.17 ;
    %pushi/vec4 3, 0, 8;
    %assign/vec4 v00000194ac7060d0_0, 0;
    %ix/getv 4, v00000194ac7063a0_0;
    %load/vec4a v00000194ac706940, 4;
    %assign/vec4 v00000194ac706a80_0, 0;
    %pushi/vec4 3, 0, 3;
    %assign/vec4 v00000194ac7064e0_0, 0;
    %jmp T_2.19;
T_2.18 ;
    %load/vec4 v00000194ac706030_0;
    %dup/vec4;
    %pushi/vec4 0, 0, 3;
    %cmp/u;
    %jmp/1 T_2.20, 6;
    %dup/vec4;
    %pushi/vec4 1, 0, 3;
    %cmp/u;
    %jmp/1 T_2.21, 6;
    %dup/vec4;
    %pushi/vec4 2, 0, 3;
    %cmp/u;
    %jmp/1 T_2.22, 6;
    %dup/vec4;
    %pushi/vec4 3, 0, 3;
    %cmp/u;
    %jmp/1 T_2.23, 6;
    %dup/vec4;
    %pushi/vec4 4, 0, 3;
    %cmp/u;
    %jmp/1 T_2.24, 6;
    %jmp T_2.25;
T_2.20 ;
    %load/vec4 v00000194ac7063a0_0;
    %pad/u 32;
    %addi 1, 0, 32;
    %ix/vec4 4;
    %load/vec4a v00000194ac706940, 4;
    %assign/vec4 v00000194ac706c60_0, 0;
    %pushi/vec4 1, 0, 3;
    %assign/vec4 v00000194ac706030_0, 0;
    %jmp T_2.25;
T_2.21 ;
    %load/vec4 v00000194ac7063a0_0;
    %pad/u 32;
    %addi 2, 0, 32;
    %ix/vec4 4;
    %load/vec4a v00000194ac706940, 4;
    %assign/vec4 v00000194ac7066c0_0, 0;
    %pushi/vec4 2, 0, 3;
    %assign/vec4 v00000194ac706030_0, 0;
    %jmp T_2.25;
T_2.22 ;
    %load/vec4 v00000194ac7063a0_0;
    %pad/u 32;
    %addi 3, 0, 32;
    %ix/vec4 4;
    %load/vec4a v00000194ac706940, 4;
    %assign/vec4 v00000194ac706d00_0, 0;
    %pushi/vec4 3, 0, 3;
    %assign/vec4 v00000194ac706030_0, 0;
    %jmp T_2.25;
T_2.23 ;
    %load/vec4 v00000194ac7063a0_0;
    %pad/u 32;
    %addi 4, 0, 32;
    %ix/vec4 4;
    %load/vec4a v00000194ac706940, 4;
    %assign/vec4 v00000194ac706bc0_0, 0;
    %pushi/vec4 4, 0, 3;
    %assign/vec4 v00000194ac706030_0, 0;
    %jmp T_2.25;
T_2.24 ;
    %load/vec4 v00000194ac706c60_0;
    %load/vec4 v00000194ac7066c0_0;
    %concat/vec4; draw_concat_vec4
    %load/vec4 v00000194ac706d00_0;
    %concat/vec4; draw_concat_vec4
    %load/vec4 v00000194ac706bc0_0;
    %concat/vec4; draw_concat_vec4
    %assign/vec4 v00000194ac694600_0, 0;
    %load/vec4 v00000194ac7063a0_0;
    %addi 1, 0, 8;
    %assign/vec4 v00000194ac7063a0_0, 0;
    %pushi/vec4 0, 0, 3;
    %assign/vec4 v00000194ac7064e0_0, 0;
    %pushi/vec4 0, 0, 3;
    %assign/vec4 v00000194ac706030_0, 0;
    %jmp T_2.25;
T_2.25 ;
    %pop/vec4 1;
    %jmp T_2.19;
T_2.19 ;
    %pop/vec4 1;
    %jmp T_2.6;
T_2.5 ;
    %pushi/vec4 1, 0, 1;
    %assign/vec4 v00000194ac7069e0_0, 0;
    %load/vec4 v00000194ac706a80_0;
    %assign/vec4 v00000194ac706ee0_0, 0;
    %pushi/vec4 0, 0, 3;
    %assign/vec4 v00000194ac7064e0_0, 0;
    %jmp T_2.6;
T_2.6 ;
    %pop/vec4 1;
T_2.1 ;
    %jmp T_2;
    .thread T_2;
# The file index is used to find the file name in the following table.
:file_names 4;
    "N/A";
    "<interactive>";
    "ROM_for_ledPerpheral.v";
    "./Led_peripheral.v";
